
------------------------------------
  Logging start.  ## CURRENT TIME  : [3/25, 2016   8:56  9.209]  ## COMMAND LINE  : 
cmd /C "gen_csini.exe"
------------------------------------
[STD-IN] : C:\Users\Parker\Documents\GitHub\MAVIS\.metadata\.plugins\sst.csgp\bin\env_vars.txt
GUI is waiting for subprocess to be done...
Execution done. EXIT CODE = 0
  Logging finished.  ## CURRENT TIME  : [3/25, 2016   8:56  12.23]
------------------------------------

------------------------------------
  Logging start.  ## CURRENT TIME  : [3/29, 2016   9:39  45.177]  ## COMMAND LINE  : 
cmd /C "gen_csini.exe"
------------------------------------
[STD-IN] : C:\Users\Parker\Documents\GitHub\MAVIS\.metadata\.plugins\sst.csgp\bin\env_vars.txt
GUI is waiting for subprocess to be done...
Execution done. EXIT CODE = 0
  Logging finished.  ## CURRENT TIME  : [3/29, 2016   9:39  47.996]
------------------------------------

------------------------------------
  Logging start.  ## CURRENT TIME  : [3/29, 2016   15:41  29.402]  ## COMMAND LINE  : 
cmd /C "gen_csini.exe"
------------------------------------
[STD-IN] : C:\Users\Parker\Documents\GitHub\MAVIS\.metadata\.plugins\sst.csgp\bin\env_vars.txt
GUI is waiting for subprocess to be done...
Execution done. EXIT CODE = 0
  Logging finished.  ## CURRENT TIME  : [3/29, 2016   15:41  32.238]
------------------------------------

------------------------------------
  Logging start.  ## CURRENT TIME  : [3/31, 2016   10:40  48.750]  ## COMMAND LINE  : 
cmd /C "gen_csini.exe"
------------------------------------
[STD-IN] : C:\Users\Parker\Documents\GitHub\MAVIS\.metadata\.plugins\sst.csgp\bin\env_vars.txt
GUI is waiting for subprocess to be done...
Execution done. EXIT CODE = 0
  Logging finished.  ## CURRENT TIME  : [3/31, 2016   10:40  51.484]
------------------------------------

------------------------------------
  Logging start.  ## CURRENT TIME  : [3/31, 2016   15:54  6.540]  ## COMMAND LINE  : 
cmd /C "gen_csini.exe"
------------------------------------
[STD-IN] : C:\Users\Parker\Documents\GitHub\MAVIS\.metadata\.plugins\sst.csgp\bin\env_vars.txt
GUI is waiting for subprocess to be done...
Execution done. EXIT CODE = 0
  Logging finished.  ## CURRENT TIME  : [3/31, 2016   15:54  9.60]
------------------------------------

------------------------------------
  Logging start.  ## CURRENT TIME  : [4/2, 2016   13:40  1.880]  ## COMMAND LINE  : 
cmd /C "gen_csini.exe"
------------------------------------
[STD-IN] : C:\Users\Parker\Documents\GitHub\MAVIS\.metadata\.plugins\sst.csgp\bin\env_vars.txt
GUI is waiting for subprocess to be done...
Execution done. EXIT CODE = 0
  Logging finished.  ## CURRENT TIME  : [4/2, 2016   13:40  5.46]
------------------------------------

------------------------------------
  Logging start.  ## CURRENT TIME  : [4/3, 2016   13:17  2.62]  ## COMMAND LINE  : 
cmd /C "gen_csini.exe"
------------------------------------
[STD-IN] : C:\Users\Parker\Documents\GitHub\MAVIS\.metadata\.plugins\sst.csgp\bin\env_vars.txt
GUI is waiting for subprocess to be done...
Execution done. EXIT CODE = 0
  Logging finished.  ## CURRENT TIME  : [4/3, 2016   13:17  5.546]
------------------------------------
